[11-Apr-2022 15:42:29 UTC] PHP Fatal error:  Cannot redeclare genesis_blocks_load() (previously declared in /Users/osbaldoaguilar/Local Sites/ar-services/app/public/wp-content/plugins/genesis-page-builder/lib/genesis-blocks/genesis-blocks.php:23) in /Users/osbaldoaguilar/Local Sites/ar-services/app/public/wp-content/plugins/genesis-blocks/genesis-blocks.php on line 23
[11-Apr-2022 15:42:29 UTC] PHP Stack trace:
[11-Apr-2022 15:42:29 UTC] PHP   1. {main}() /Users/osbaldoaguilar/Local Sites/ar-services/app/public/wp-admin/admin-ajax.php:0
[11-Apr-2022 15:42:29 UTC] PHP   2. do_action() /Users/osbaldoaguilar/Local Sites/ar-services/app/public/wp-admin/admin-ajax.php:187
[11-Apr-2022 15:42:29 UTC] PHP   3. WP_Hook->do_action() /Users/osbaldoaguilar/Local Sites/ar-services/app/public/wp-includes/plugin.php:474
[11-Apr-2022 15:42:29 UTC] PHP   4. WP_Hook->apply_filters() /Users/osbaldoaguilar/Local Sites/ar-services/app/public/wp-includes/class-wp-hook.php:331
[11-Apr-2022 15:42:29 UTC] PHP   5. genesis_do_onboarding_process() /Users/osbaldoaguilar/Local Sites/ar-services/app/public/wp-includes/class-wp-hook.php:307
[11-Apr-2022 15:42:29 UTC] PHP   6. genesis_onboarding_install_dependencies() /Users/osbaldoaguilar/Local Sites/ar-services/app/public/wp-content/themes/genesis/lib/admin/onboarding/ajax-functions.php:55
[11-Apr-2022 15:42:29 UTC] PHP   7. activate_plugin() /Users/osbaldoaguilar/Local Sites/ar-services/app/public/wp-content/themes/genesis/lib/functions/onboarding.php:494
[11-Apr-2022 15:42:29 UTC] PHP   8. plugin_sandbox_scrape() /Users/osbaldoaguilar/Local Sites/ar-services/app/public/wp-admin/includes/plugin.php:659
[13-Apr-2022 12:29:40 UTC] PHP Fatal error:  Cannot redeclare genesis_blocks_load() (previously declared in /Users/osbaldoaguilar/Local Sites/ar-services/app/public/wp-content/plugins/genesis-page-builder/lib/genesis-blocks/genesis-blocks.php:23) in /Users/osbaldoaguilar/Local Sites/ar-services/app/public/wp-content/plugins/genesis-blocks/genesis-blocks.php on line 23
[13-Apr-2022 12:29:40 UTC] PHP Stack trace:
[13-Apr-2022 12:29:40 UTC] PHP   1. {main}() /Users/osbaldoaguilar/Local Sites/ar-services/app/public/wp-admin/admin-ajax.php:0
[13-Apr-2022 12:29:40 UTC] PHP   2. do_action() /Users/osbaldoaguilar/Local Sites/ar-services/app/public/wp-admin/admin-ajax.php:187
[13-Apr-2022 12:29:40 UTC] PHP   3. WP_Hook->do_action() /Users/osbaldoaguilar/Local Sites/ar-services/app/public/wp-includes/plugin.php:474
[13-Apr-2022 12:29:40 UTC] PHP   4. WP_Hook->apply_filters() /Users/osbaldoaguilar/Local Sites/ar-services/app/public/wp-includes/class-wp-hook.php:331
[13-Apr-2022 12:29:40 UTC] PHP   5. genesis_do_onboarding_process() /Users/osbaldoaguilar/Local Sites/ar-services/app/public/wp-includes/class-wp-hook.php:307
[13-Apr-2022 12:29:40 UTC] PHP   6. genesis_onboarding_install_dependencies() /Users/osbaldoaguilar/Local Sites/ar-services/app/public/wp-content/themes/genesis/lib/admin/onboarding/ajax-functions.php:55
[13-Apr-2022 12:29:40 UTC] PHP   7. activate_plugin() /Users/osbaldoaguilar/Local Sites/ar-services/app/public/wp-content/themes/genesis/lib/functions/onboarding.php:494
[13-Apr-2022 12:29:40 UTC] PHP   8. plugin_sandbox_scrape() /Users/osbaldoaguilar/Local Sites/ar-services/app/public/wp-admin/includes/plugin.php:659
[29-Apr-2022 11:55:11 UTC] PHP Warning:  PHP Startup: Unable to load dynamic library '/Applications/Local.app/Contents/Resources/extraResources/lightning-services/php-7.4.1+16/bin/darwin/lib/php/extensions/no-debug-non-zts-20190902/imagick.so' (tried: /Applications/Local.app/Contents/Resources/extraResources/lightning-services/php-7.4.1+16/bin/darwin/lib/php/extensions/no-debug-non-zts-20190902/imagick.so (dlopen(/Applications/Local.app/Contents/Resources/extraResources/lightning-services/php-7.4.1+16/bin/darwin/lib/php/extensions/no-debug-non-zts-20190902/imagick.so, 0x0009): tried: '/Applications/Local.app/Contents/Resources/extraResources/lightning-services/php-7.4.1+16/bin/darwin/lib/php/extensions/no-debug-non-zts-20190902/imagick.so' (no such file)), /Users/runner/work/_temp/local-lightning-php/php-7.4.1/build/lib/php/extensions/no-debug-non-zts-20190902//Applications/Local.app/Contents/Resources/extraResources/lightning-services/php-7.4.1+16/bin/darwin/lib/php/extensions/no-debug-non-zts-20190902/imagick.so.so (dlopen(/Users/runner/work/_temp in Unknown on line 0
[29-Apr-2022 11:55:11 UTC] PHP Warning:  PHP Startup: Unable to load dynamic library '/Applications/Local.app/Contents/Resources/extraResources/lightning-services/php-7.4.1+16/bin/darwin/lib/php/extensions/no-debug-non-zts-20190902/imagick.so' (tried: /Applications/Local.app/Contents/Resources/extraResources/lightning-services/php-7.4.1+16/bin/darwin/lib/php/extensions/no-debug-non-zts-20190902/imagick.so (dlopen(/Applications/Local.app/Contents/Resources/extraResources/lightning-services/php-7.4.1+16/bin/darwin/lib/php/extensions/no-debug-non-zts-20190902/imagick.so, 0x0009): tried: '/Applications/Local.app/Contents/Resources/extraResources/lightning-services/php-7.4.1+16/bin/darwin/lib/php/extensions/no-debug-non-zts-20190902/imagick.so' (no such file)), /Users/runner/work/_temp/local-lightning-php/php-7.4.1/build/lib/php/extensions/no-debug-non-zts-20190902//Applications/Local.app/Contents/Resources/extraResources/lightning-services/php-7.4.1+16/bin/darwin/lib/php/extensions/no-debug-non-zts-20190902/imagick.so.so (dlopen(/Users/runner/work/_temp in Unknown on line 0
[06-May-2022 17:13:06 UTC] PHP Warning:  array_combine(): Both parameters should have an equal number of elements in /Users/osbaldoaguilar/Local Sites/ar-services/app/public/wp-content/plugins/wp-graphql-gravity-forms-develop/src/Data/Loader/EntriesLoader.php on line 63
[06-May-2022 17:13:06 UTC] PHP Stack trace:
[06-May-2022 17:13:06 UTC] PHP   1. {main}() /Users/osbaldoaguilar/Local Sites/ar-services/app/public/index.php:0
[06-May-2022 17:13:06 UTC] PHP   2. require() /Users/osbaldoaguilar/Local Sites/ar-services/app/public/index.php:17
[06-May-2022 17:13:06 UTC] PHP   3. wp() /Users/osbaldoaguilar/Local Sites/ar-services/app/public/wp-blog-header.php:16
[06-May-2022 17:13:06 UTC] PHP   4. WP->main() /Users/osbaldoaguilar/Local Sites/ar-services/app/public/wp-includes/functions.php:1310
[06-May-2022 17:13:06 UTC] PHP   5. WP->parse_request() /Users/osbaldoaguilar/Local Sites/ar-services/app/public/wp-includes/class-wp.php:758
[06-May-2022 17:13:06 UTC] PHP   6. do_action_ref_array() /Users/osbaldoaguilar/Local Sites/ar-services/app/public/wp-includes/class-wp.php:396
[06-May-2022 17:13:06 UTC] PHP   7. WP_Hook->do_action() /Users/osbaldoaguilar/Local Sites/ar-services/app/public/wp-includes/plugin.php:522
[06-May-2022 17:13:06 UTC] PHP   8. WP_Hook->apply_filters() /Users/osbaldoaguilar/Local Sites/ar-services/app/public/wp-includes/class-wp-hook.php:331
[06-May-2022 17:13:06 UTC] PHP   9. WPGraphQL\Router::resolve_http_request() /Users/osbaldoaguilar/Local Sites/ar-services/app/public/wp-includes/class-wp-hook.php:307
[06-May-2022 17:13:06 UTC] PHP  10. WPGraphQL\Router::process_http_request() /Users/osbaldoaguilar/Local Sites/ar-services/app/public/wp-content/plugins/wp-graphql/src/Router.php:265
[06-May-2022 17:13:06 UTC] PHP  11. WPGraphQL\Request->execute_http() /Users/osbaldoaguilar/Local Sites/ar-services/app/public/wp-content/plugins/wp-graphql/src/Router.php:463
[06-May-2022 17:13:06 UTC] PHP  12. GraphQL\Server\StandardServer->executeRequest() /Users/osbaldoaguilar/Local Sites/ar-services/app/public/wp-content/plugins/wp-graphql/src/Request.php:679
[06-May-2022 17:13:06 UTC] PHP  13. GraphQL\Server\Helper->executeOperation() /Users/osbaldoaguilar/Local Sites/ar-services/app/public/wp-content/plugins/wp-graphql/vendor/webonyx/graphql-php/src/Server/StandardServer.php:136
[06-May-2022 17:13:06 UTC] PHP  14. GraphQL\Executor\Promise\Adapter\SyncPromiseAdapter->wait() /Users/osbaldoaguilar/Local Sites/ar-services/app/public/wp-content/plugins/wp-graphql/vendor/webonyx/graphql-php/src/Server/Helper.php:214
[06-May-2022 17:13:06 UTC] PHP  15. GraphQL\Executor\Promise\Adapter\SyncPromise::runQueue() /Users/osbaldoaguilar/Local Sites/ar-services/app/public/wp-content/plugins/wp-graphql/vendor/webonyx/graphql-php/src/Executor/Promise/Adapter/SyncPromiseAdapter.php:149
[06-May-2022 17:13:06 UTC] PHP  16. GraphQL\Deferred->GraphQL\Executor\Promise\Adapter\{closure:/Users/osbaldoaguilar/Local Sites/ar-services/app/public/wp-content/plugins/wp-graphql/vendor/webonyx/graphql-php/src/Executor/Promise/Adapter/SyncPromise.php:65-71}() /Users/osbaldoaguilar/Local Sites/ar-services/app/public/wp-content/plugins/wp-graphql/vendor/webonyx/graphql-php/src/Executor/Promise/Adapter/SyncPromise.php:53
[06-May-2022 17:13:06 UTC] PHP  17. WPGraphQL\GF\Data\Loader\EntriesLoader->WPGraphQL\Data\Loader\{closure:/Users/osbaldoaguilar/Local Sites/ar-services/app/public/wp-content/plugins/wp-graphql/src/Data/Loader/AbstractDataLoader.php:79-81}() /Users/osbaldoaguilar/Local Sites/ar-services/app/public/wp-content/plugins/wp-graphql/vendor/webonyx/graphql-php/src/Executor/Promise/Adapter/SyncPromise.php:67
[06-May-2022 17:13:06 UTC] PHP  18. WPGraphQL\GF\Data\Loader\EntriesLoader->load() /Users/osbaldoaguilar/Local Sites/ar-services/app/public/wp-content/plugins/wp-graphql/src/Data/Loader/AbstractDataLoader.php:80
[06-May-2022 17:13:06 UTC] PHP  19. WPGraphQL\GF\Data\Loader\EntriesLoader->load_buffered() /Users/osbaldoaguilar/Local Sites/ar-services/app/public/wp-content/plugins/wp-graphql/src/Data/Loader/AbstractDataLoader.php:133
[06-May-2022 17:13:06 UTC] PHP  20. WPGraphQL\GF\Data\Loader\EntriesLoader->loadKeys() /Users/osbaldoaguilar/Local Sites/ar-services/app/public/wp-content/plugins/wp-graphql/src/Data/Loader/AbstractDataLoader.php:296
[06-May-2022 17:13:06 UTC] PHP  21. array_combine() /Users/osbaldoaguilar/Local Sites/ar-services/app/public/wp-content/plugins/wp-graphql-gravity-forms-develop/src/Data/Loader/EntriesLoader.php:63
[06-May-2022 17:13:43 UTC] PHP Warning:  array_combine(): Both parameters should have an equal number of elements in /Users/osbaldoaguilar/Local Sites/ar-services/app/public/wp-content/plugins/wp-graphql-gravity-forms-develop/src/Data/Loader/EntriesLoader.php on line 63
[06-May-2022 17:13:43 UTC] PHP Stack trace:
[06-May-2022 17:13:43 UTC] PHP   1. {main}() /Users/osbaldoaguilar/Local Sites/ar-services/app/public/index.php:0
[06-May-2022 17:13:43 UTC] PHP   2. require() /Users/osbaldoaguilar/Local Sites/ar-services/app/public/index.php:17
[06-May-2022 17:13:43 UTC] PHP   3. wp() /Users/osbaldoaguilar/Local Sites/ar-services/app/public/wp-blog-header.php:16
[06-May-2022 17:13:43 UTC] PHP   4. WP->main() /Users/osbaldoaguilar/Local Sites/ar-services/app/public/wp-includes/functions.php:1310
[06-May-2022 17:13:43 UTC] PHP   5. WP->parse_request() /Users/osbaldoaguilar/Local Sites/ar-services/app/public/wp-includes/class-wp.php:758
[06-May-2022 17:13:43 UTC] PHP   6. do_action_ref_array() /Users/osbaldoaguilar/Local Sites/ar-services/app/public/wp-includes/class-wp.php:396
[06-May-2022 17:13:43 UTC] PHP   7. WP_Hook->do_action() /Users/osbaldoaguilar/Local Sites/ar-services/app/public/wp-includes/plugin.php:522
[06-May-2022 17:13:43 UTC] PHP   8. WP_Hook->apply_filters() /Users/osbaldoaguilar/Local Sites/ar-services/app/public/wp-includes/class-wp-hook.php:331
[06-May-2022 17:13:43 UTC] PHP   9. WPGraphQL\Router::resolve_http_request() /Users/osbaldoaguilar/Local Sites/ar-services/app/public/wp-includes/class-wp-hook.php:307
[06-May-2022 17:13:43 UTC] PHP  10. WPGraphQL\Router::process_http_request() /Users/osbaldoaguilar/Local Sites/ar-services/app/public/wp-content/plugins/wp-graphql/src/Router.php:265
[06-May-2022 17:13:43 UTC] PHP  11. WPGraphQL\Request->execute_http() /Users/osbaldoaguilar/Local Sites/ar-services/app/public/wp-content/plugins/wp-graphql/src/Router.php:463
[06-May-2022 17:13:43 UTC] PHP  12. GraphQL\Server\StandardServer->executeRequest() /Users/osbaldoaguilar/Local Sites/ar-services/app/public/wp-content/plugins/wp-graphql/src/Request.php:679
[06-May-2022 17:13:43 UTC] PHP  13. GraphQL\Server\Helper->executeOperation() /Users/osbaldoaguilar/Local Sites/ar-services/app/public/wp-content/plugins/wp-graphql/vendor/webonyx/graphql-php/src/Server/StandardServer.php:136
[06-May-2022 17:13:43 UTC] PHP  14. GraphQL\Executor\Promise\Adapter\SyncPromiseAdapter->wait() /Users/osbaldoaguilar/Local Sites/ar-services/app/public/wp-content/plugins/wp-graphql/vendor/webonyx/graphql-php/src/Server/Helper.php:214
[06-May-2022 17:13:43 UTC] PHP  15. GraphQL\Executor\Promise\Adapter\SyncPromise::runQueue() /Users/osbaldoaguilar/Local Sites/ar-services/app/public/wp-content/plugins/wp-graphql/vendor/webonyx/graphql-php/src/Executor/Promise/Adapter/SyncPromiseAdapter.php:149
[06-May-2022 17:13:43 UTC] PHP  16. GraphQL\Deferred->GraphQL\Executor\Promise\Adapter\{closure:/Users/osbaldoaguilar/Local Sites/ar-services/app/public/wp-content/plugins/wp-graphql/vendor/webonyx/graphql-php/src/Executor/Promise/Adapter/SyncPromise.php:65-71}() /Users/osbaldoaguilar/Local Sites/ar-services/app/public/wp-content/plugins/wp-graphql/vendor/webonyx/graphql-php/src/Executor/Promise/Adapter/SyncPromise.php:53
[06-May-2022 17:13:43 UTC] PHP  17. WPGraphQL\GF\Data\Loader\EntriesLoader->WPGraphQL\Data\Loader\{closure:/Users/osbaldoaguilar/Local Sites/ar-services/app/public/wp-content/plugins/wp-graphql/src/Data/Loader/AbstractDataLoader.php:79-81}() /Users/osbaldoaguilar/Local Sites/ar-services/app/public/wp-content/plugins/wp-graphql/vendor/webonyx/graphql-php/src/Executor/Promise/Adapter/SyncPromise.php:67
[06-May-2022 17:13:43 UTC] PHP  18. WPGraphQL\GF\Data\Loader\EntriesLoader->load() /Users/osbaldoaguilar/Local Sites/ar-services/app/public/wp-content/plugins/wp-graphql/src/Data/Loader/AbstractDataLoader.php:80
[06-May-2022 17:13:43 UTC] PHP  19. WPGraphQL\GF\Data\Loader\EntriesLoader->load_buffered() /Users/osbaldoaguilar/Local Sites/ar-services/app/public/wp-content/plugins/wp-graphql/src/Data/Loader/AbstractDataLoader.php:133
[06-May-2022 17:13:43 UTC] PHP  20. WPGraphQL\GF\Data\Loader\EntriesLoader->loadKeys() /Users/osbaldoaguilar/Local Sites/ar-services/app/public/wp-content/plugins/wp-graphql/src/Data/Loader/AbstractDataLoader.php:296
[06-May-2022 17:13:43 UTC] PHP  21. array_combine() /Users/osbaldoaguilar/Local Sites/ar-services/app/public/wp-content/plugins/wp-graphql-gravity-forms-develop/src/Data/Loader/EntriesLoader.php:63
