[06-Apr-2022 15:08:50] NOTICE: fpm is running, pid 9923
[06-Apr-2022 15:08:50] NOTICE: ready to handle connections
[06-Apr-2022 15:21:27] NOTICE: Terminating ...
[06-Apr-2022 15:21:27] NOTICE: Terminating ...
[06-Apr-2022 15:21:27] NOTICE: exiting, bye-bye!
[07-Apr-2022 11:16:32] NOTICE: fpm is running, pid 7633
[07-Apr-2022 11:16:32] NOTICE: ready to handle connections
[07-Apr-2022 12:52:32] NOTICE: Terminating ...
[07-Apr-2022 12:52:32] NOTICE: Terminating ...
[07-Apr-2022 12:52:32] NOTICE: exiting, bye-bye!
[07-Apr-2022 12:52:53] NOTICE: fpm is running, pid 11397
[07-Apr-2022 12:52:53] NOTICE: ready to handle connections
[07-Apr-2022 13:05:33] NOTICE: Terminating ...
[07-Apr-2022 13:05:33] NOTICE: Terminating ...
[07-Apr-2022 13:05:33] NOTICE: exiting, bye-bye!
[07-Apr-2022 13:06:35] NOTICE: fpm is running, pid 11641
[07-Apr-2022 13:06:35] NOTICE: ready to handle connections
[07-Apr-2022 13:26:06] NOTICE: Terminating ...
[07-Apr-2022 13:26:06] NOTICE: Terminating ...
[07-Apr-2022 13:26:06] NOTICE: exiting, bye-bye!
[07-Apr-2022 15:52:48] NOTICE: fpm is running, pid 14704
[07-Apr-2022 15:52:48] NOTICE: ready to handle connections
[07-Apr-2022 16:51:33] NOTICE: Terminating ...
[07-Apr-2022 16:51:33] NOTICE: Terminating ...
[07-Apr-2022 16:51:33] NOTICE: exiting, bye-bye!
[07-Apr-2022 18:45:15] NOTICE: fpm is running, pid 19707
[07-Apr-2022 18:45:15] NOTICE: ready to handle connections
[07-Apr-2022 18:46:25] NOTICE: Terminating ...
[07-Apr-2022 18:46:25] NOTICE: Terminating ...
[07-Apr-2022 18:46:25] NOTICE: exiting, bye-bye!
[11-Apr-2022 09:04:03] NOTICE: fpm is running, pid 29964
[11-Apr-2022 09:04:03] NOTICE: ready to handle connections
[11-Apr-2022 13:01:15] NOTICE: Terminating ...
[11-Apr-2022 13:01:15] NOTICE: Terminating ...
[11-Apr-2022 13:01:15] NOTICE: Terminating ...
[11-Apr-2022 13:01:15] NOTICE: exiting, bye-bye!
[13-Apr-2022 08:28:14] NOTICE: fpm is running, pid 6209
[13-Apr-2022 08:28:14] NOTICE: ready to handle connections
[13-Apr-2022 12:09:04] NOTICE: Terminating ...
[13-Apr-2022 12:09:04] NOTICE: Terminating ...
[13-Apr-2022 12:09:04] NOTICE: exiting, bye-bye!
[13-Apr-2022 12:10:16] NOTICE: fpm is running, pid 13431
[13-Apr-2022 12:10:16] NOTICE: ready to handle connections
[13-Apr-2022 12:13:06] NOTICE: Terminating ...
[13-Apr-2022 12:13:06] NOTICE: Terminating ...
[13-Apr-2022 12:13:06] NOTICE: exiting, bye-bye!
[13-Apr-2022 13:32:11] NOTICE: fpm is running, pid 19647
[13-Apr-2022 13:32:11] NOTICE: ready to handle connections
[13-Apr-2022 16:14:17] NOTICE: Terminating ...
[13-Apr-2022 16:14:17] NOTICE: Terminating ...
[13-Apr-2022 16:14:17] NOTICE: exiting, bye-bye!
[18-Apr-2022 09:32:51] NOTICE: fpm is running, pid 5276
[18-Apr-2022 09:32:51] NOTICE: ready to handle connections
[18-Apr-2022 09:47:19] NOTICE: Terminating ...
[18-Apr-2022 09:47:19] NOTICE: Terminating ...
[18-Apr-2022 09:47:19] NOTICE: exiting, bye-bye!
[27-Apr-2022 12:42:17] NOTICE: fpm is running, pid 7584
[27-Apr-2022 12:42:17] NOTICE: ready to handle connections
[27-Apr-2022 14:26:23] NOTICE: Terminating ...
[27-Apr-2022 14:26:23] NOTICE: Terminating ...
[27-Apr-2022 14:26:23] NOTICE: exiting, bye-bye!
[28-Apr-2022 16:21:49] NOTICE: fpm is running, pid 17035
[28-Apr-2022 16:21:49] NOTICE: ready to handle connections
[28-Apr-2022 16:57:50] NOTICE: Terminating ...
[28-Apr-2022 16:57:50] NOTICE: Terminating ...
[28-Apr-2022 16:57:50] NOTICE: exiting, bye-bye!
[29-Apr-2022 07:55:13] NOTICE: fpm is running, pid 3766
[29-Apr-2022 07:55:13] NOTICE: ready to handle connections
[29-Apr-2022 11:00:27] NOTICE: Terminating ...
[29-Apr-2022 11:00:27] NOTICE: Terminating ...
[29-Apr-2022 11:00:27] NOTICE: exiting, bye-bye!
[29-Apr-2022 11:00:41] NOTICE: fpm is running, pid 7121
[29-Apr-2022 11:00:41] NOTICE: ready to handle connections
[29-Apr-2022 11:04:16] NOTICE: Terminating ...
[29-Apr-2022 11:04:16] NOTICE: Terminating ...
[29-Apr-2022 11:04:16] NOTICE: exiting, bye-bye!
[29-Apr-2022 11:50:18] NOTICE: fpm is running, pid 7884
[29-Apr-2022 11:50:18] NOTICE: ready to handle connections
[29-Apr-2022 12:02:48] NOTICE: Terminating ...
[29-Apr-2022 12:02:48] NOTICE: Terminating ...
[29-Apr-2022 12:02:48] NOTICE: exiting, bye-bye!
[29-Apr-2022 12:06:55] NOTICE: fpm is running, pid 8190
[29-Apr-2022 12:06:55] NOTICE: ready to handle connections
[29-Apr-2022 13:23:47] NOTICE: Terminating ...
[29-Apr-2022 13:23:47] NOTICE: Terminating ...
[29-Apr-2022 13:23:47] NOTICE: exiting, bye-bye!
[29-Apr-2022 16:10:56] NOTICE: fpm is running, pid 13500
[29-Apr-2022 16:10:56] NOTICE: ready to handle connections
[29-Apr-2022 17:24:41] NOTICE: Terminating ...
[29-Apr-2022 17:24:41] NOTICE: Terminating ...
[29-Apr-2022 17:24:41] NOTICE: exiting, bye-bye!
[29-Apr-2022 17:39:13] NOTICE: fpm is running, pid 4177
[29-Apr-2022 17:39:13] NOTICE: ready to handle connections
[29-Apr-2022 18:20:57] NOTICE: Terminating ...
[29-Apr-2022 18:20:57] NOTICE: Terminating ...
[29-Apr-2022 18:20:57] NOTICE: exiting, bye-bye!
[30-Apr-2022 14:01:14] NOTICE: fpm is running, pid 4369
[30-Apr-2022 14:01:14] NOTICE: ready to handle connections
[30-Apr-2022 17:49:03] NOTICE: Terminating ...
[30-Apr-2022 17:49:03] NOTICE: Terminating ...
[30-Apr-2022 17:49:03] NOTICE: exiting, bye-bye!
[01-May-2022 21:43:46] NOTICE: fpm is running, pid 4017
[01-May-2022 21:43:46] NOTICE: ready to handle connections
[01-May-2022 22:51:28] NOTICE: Terminating ...
[01-May-2022 22:51:28] NOTICE: Terminating ...
[01-May-2022 22:51:28] NOTICE: exiting, bye-bye!
[02-May-2022 17:56:33] NOTICE: fpm is running, pid 22634
[02-May-2022 17:56:33] NOTICE: ready to handle connections
[02-May-2022 17:56:34] NOTICE: Terminating ...
[02-May-2022 17:56:34] NOTICE: Terminating ...
[02-May-2022 17:56:34] NOTICE: exiting, bye-bye!
[02-May-2022 17:56:37] NOTICE: fpm is running, pid 22674
[02-May-2022 17:56:37] NOTICE: ready to handle connections
[02-May-2022 19:00:01] NOTICE: Terminating ...
[02-May-2022 19:00:01] NOTICE: Terminating ...
[02-May-2022 19:00:01] NOTICE: exiting, bye-bye!
[03-May-2022 09:36:49] NOTICE: fpm is running, pid 4651
[03-May-2022 09:36:49] NOTICE: ready to handle connections
[03-May-2022 09:59:41] NOTICE: Terminating ...
[03-May-2022 09:59:41] NOTICE: Terminating ...
[03-May-2022 09:59:41] NOTICE: exiting, bye-bye!
[03-May-2022 10:26:41] NOTICE: fpm is running, pid 6073
[03-May-2022 10:26:41] NOTICE: ready to handle connections
[03-May-2022 13:50:58] NOTICE: Terminating ...
[03-May-2022 13:50:58] NOTICE: Terminating ...
[03-May-2022 13:50:58] NOTICE: exiting, bye-bye!
[03-May-2022 16:09:55] NOTICE: fpm is running, pid 15478
[03-May-2022 16:09:55] NOTICE: ready to handle connections
[03-May-2022 17:49:32] NOTICE: Terminating ...
[03-May-2022 17:49:32] NOTICE: Terminating ...
[03-May-2022 17:49:32] NOTICE: exiting, bye-bye!
[04-May-2022 09:32:46] NOTICE: fpm is running, pid 9839
[04-May-2022 09:32:46] NOTICE: ready to handle connections
[04-May-2022 18:53:32] NOTICE: Terminating ...
[04-May-2022 18:53:32] NOTICE: Terminating ...
[04-May-2022 18:53:32] NOTICE: exiting, bye-bye!
[05-May-2022 18:04:32] NOTICE: fpm is running, pid 25967
[05-May-2022 18:04:32] NOTICE: ready to handle connections
[05-May-2022 21:04:33] NOTICE: Terminating ...
[05-May-2022 21:04:33] NOTICE: Terminating ...
[05-May-2022 21:04:33] NOTICE: exiting, bye-bye!
[06-May-2022 10:48:45] NOTICE: fpm is running, pid 4544
[06-May-2022 10:48:45] NOTICE: ready to handle connections
[06-May-2022 13:22:34] NOTICE: Terminating ...
[06-May-2022 13:22:34] NOTICE: Terminating ...
[06-May-2022 13:22:34] NOTICE: exiting, bye-bye!
[07-May-2022 12:13:16] NOTICE: fpm is running, pid 6381
[07-May-2022 12:13:16] NOTICE: ready to handle connections
